<?xml version="1.0" encoding="UTF-8"?>
<!-- Generated by org.testng.reporters.JUnitReportReporter -->
<testsuite hostname="DESKTOP-T2F0GEI" failures="0" tests="1" name="com.lambdatest.TestNGTodo2" time="3.212" errors="0" timestamp="13 Jul 2023 02:05:18 GMT" skipped="0">
  <testcase classname="com.lambdatest.TestNGTodo2" name="basicTest" time="3.212"/>
</testsuite> <!-- com.lambdatest.TestNGTodo2 -->
